<?xml version="1.0" encoding="UTF-8"?>
<!-- Generated by org.testng.reporters.JUnitReportReporter -->
<testsuite hostname="DESKTOP-AEI6VM2" failures="0" tests="3" name="com.ebrahim.mobile.automation.testcases.FlipboardLoginTest" time="18.936" errors="0" timestamp="2021-05-01T15:15:50 BDT" skipped="0">
  <testcase classname="com.ebrahim.mobile.automation.testcases.FlipboardLoginTest" name="validateGetStartedButton" time="4.173"/>
  <system-out/>
  <testcase classname="com.ebrahim.mobile.automation.testcases.FlipboardLoginTest" name="chooseTopicsTest" time="3.499"/>
  <system-out/>
  <testcase classname="com.ebrahim.mobile.automation.testcases.FlipboardLoginTest" name="skiLoginTest" time="11.264"/>
  <system-out/>
</testsuite> <!-- com.ebrahim.mobile.automation.testcases.FlipboardLoginTest -->
